Replacing in ./index2.html: "fh-giessen.de"="fh-giessen.de"
Replacing in ./kooperativer-master-schwerpunkt.html: "fh-giessen.de"="fh-giessen.de"
Replacing in ./projekte/soa.html: "fh-giessen.de"="fh-giessen.de"
Replacing in ./projekte/android.html: "fh-giessen.de"="fh-giessen.de"
Replacing in ./projekte/trusted-mobile-platform.html: "fh-giessen.de"="fh-giessen.de"
Replacing in ./projekte/projekte.html: "fh-giessen.de"="fh-giessen.de"
Replacing in ./projekte/root.html: "fh-giessen.de"="fh-giessen.de"
Replacing in ./projekte/interessensgebiete.html: "fh-giessen.de"="fh-giessen.de"
Replacing in ./projekte/trucam.html: "fh-giessen.de"="fh-giessen.de"
Replacing in ./projekte/studentenprojekte.html: "fh-giessen.de"="fh-giessen.de"
Replacing in ./arbeiten/root.html: "fh-giessen.de"="fh-giessen.de"
Replacing in ./lv/bsprakt/root.html: "fh-giessen.de"="fh-giessen.de"
Replacing in ./lv/afs/root.html: "fh-giessen.de"="fh-giessen.de"
Replacing in ./lv/lbs/root.html: "fh-giessen.de"="fh-giessen.de"
Replacing in ./lv/ibs/root.html: "fh-giessen.de"="fh-giessen.de"
Replacing in ./lv/msem/root.html: "fh-giessen.de"="fh-giessen.de"
Replacing in ./lv/sms/index.html: "fh-giessen.de"="fh-giessen.de"
Replacing in ./lv/soap/root.html: "fh-giessen.de"="fh-giessen.de"
Replacing in ./lv/compiler/spl/spl.html: "fh-giessen.de"="fh-giessen.de"
Replacing in ./lv/compiler/root.html: "fh-giessen.de"="fh-giessen.de"
Replacing in ./lv/soa/root.html: "fh-giessen.de"="fh-giessen.de"
Replacing in ./lv/sem/root.html: "fh-giessen.de"="fh-giessen.de"
Replacing in ./lv/lbs2015/root.html: "fh-giessen.de"="fh-giessen.de"
Replacing in ./neu.html: "fh-giessen.de"="fh-giessen.de"
Replacing in ./projekte/projekte.html: "thm.de"="thm.de"
Replacing in ./projekte/root.html: "thm.de"="thm.de"
Replacing in ./pub/publikationen.html: "thm.de"="thm.de"
Replacing in ./lv/ksp/klausurzulassung.html: "thm.de"="thm.de"
Replacing in ./lv/bs1/root.html: "thm.de"="thm.de"
Replacing in ./lv/bs1/klausurzulassung.html: "thm.de"="thm.de"
Replacing in ./lv/compiler/spl/spl/Dokumente/html/compilerbau.html: "thm.de"="thm.de"
Replacing in ./lv/compiler/praktikum/cbhu1.html: "thm.de"="thm.de"
Replacing in ./lv/compiler/praktikum/index.html: "thm.de"="thm.de"
Replacing in ./lv/compiler/praktikum/cbhu2.html: "thm.de"="thm.de"
Replacing in ./lv/compiler/root.html: "thm.de"="thm.de"
Replacing in ./lv/compiler/klausurzulassung.html: "thm.de"="thm.de"
Replacing in ./index.html: "thm.de"="thm.de"
Replacing in ./index2.html: "fh-giessen.de"="thm.de"
Replacing in ./kooperativer-master-schwerpunkt.html: "fh-giessen.de"="thm.de"
Replacing in ./projekte/soa.html: "fh-giessen.de"="thm.de"
Replacing in ./projekte/android.html: "fh-giessen.de"="thm.de"
Replacing in ./projekte/trusted-mobile-platform.html: "fh-giessen.de"="thm.de"
Replacing in ./projekte/projekte.html: "fh-giessen.de"="thm.de"
Replacing in ./projekte/root.html: "fh-giessen.de"="thm.de"
Replacing in ./projekte/interessensgebiete.html: "fh-giessen.de"="thm.de"
Replacing in ./projekte/trucam.html: "fh-giessen.de"="thm.de"
Replacing in ./projekte/studentenprojekte.html: "fh-giessen.de"="thm.de"
Replacing in ./arbeiten/root.html: "fh-giessen.de"="thm.de"
Replacing in ./lv/bsprakt/root.html: "fh-giessen.de"="thm.de"
Replacing in ./lv/afs/root.html: "fh-giessen.de"="thm.de"
Replacing in ./lv/lbs/root.html: "fh-giessen.de"="thm.de"
Replacing in ./lv/ibs/root.html: "fh-giessen.de"="thm.de"
Replacing in ./lv/msem/root.html: "fh-giessen.de"="thm.de"
Replacing in ./lv/sms/index.html: "fh-giessen.de"="thm.de"
Replacing in ./lv/soap/root.html: "fh-giessen.de"="thm.de"
Replacing in ./lv/compiler/spl/spl.html: "fh-giessen.de"="thm.de"
Replacing in ./lv/compiler/root.html: "fh-giessen.de"="thm.de"
Replacing in ./lv/soa/root.html: "fh-giessen.de"="thm.de"
Replacing in ./lv/sem/root.html: "fh-giessen.de"="thm.de"
Replacing in ./lv/lbs2015/root.html: "fh-giessen.de"="thm.de"
Replacing in ./neu.html: "fh-giessen.de"="thm.de"
Replacing in ./index2.html: "fh-giessen.de"="fh-giessen.de"
Replacing in ./kooperativer-master-schwerpunkt.html: "fh-giessen.de"="fh-giessen.de"
Replacing in ./projekte/soa.html: "fh-giessen.de"="fh-giessen.de"
Replacing in ./projekte/android.html: "fh-giessen.de"="fh-giessen.de"
Replacing in ./projekte/trusted-mobile-platform.html: "fh-giessen.de"="fh-giessen.de"
Replacing in ./projekte/projekte.html: "fh-giessen.de"="fh-giessen.de"
Replacing in ./projekte/root.html: "fh-giessen.de"="fh-giessen.de"
Replacing in ./projekte/interessensgebiete.html: "fh-giessen.de"="fh-giessen.de"
Replacing in ./projekte/trucam.html: "fh-giessen.de"="fh-giessen.de"
Replacing in ./projekte/studentenprojekte.html: "fh-giessen.de"="fh-giessen.de"
Replacing in ./arbeiten/root.html: "fh-giessen.de"="fh-giessen.de"
Replacing in ./lv/bsprakt/root.html: "fh-giessen.de"="fh-giessen.de"
Replacing in ./lv/afs/root.html: "fh-giessen.de"="fh-giessen.de"
Replacing in ./lv/lbs/root.html: "fh-giessen.de"="fh-giessen.de"
Replacing in ./lv/ibs/root.html: "fh-giessen.de"="fh-giessen.de"
Replacing in ./lv/msem/root.html: "fh-giessen.de"="fh-giessen.de"
Replacing in ./lv/sms/index.html: "fh-giessen.de"="fh-giessen.de"
Replacing in ./lv/soap/root.html: "fh-giessen.de"="fh-giessen.de"
Replacing in ./lv/compiler/spl/spl.html: "fh-giessen.de"="fh-giessen.de"
Replacing in ./lv/compiler/root.html: "fh-giessen.de"="fh-giessen.de"
Replacing in ./lv/soa/root.html: "fh-giessen.de"="fh-giessen.de"
Replacing in ./lv/sem/root.html: "fh-giessen.de"="fh-giessen.de"
Replacing in ./lv/lbs2015/root.html: "fh-giessen.de"="fh-giessen.de"
Replacing in ./neu.html: "fh-giessen.de"="fh-giessen.de"
Replacing in ./projekte/projekte.html: "thm.de"="thm.de"
Replacing in ./projekte/root.html: "thm.de"="thm.de"
Replacing in ./pub/publikationen.html: "thm.de"="thm.de"
Replacing in ./lv/ksp/klausurzulassung.html: "thm.de"="thm.de"
Replacing in ./lv/bs1/root.html: "thm.de"="thm.de"
Replacing in ./lv/bs1/klausurzulassung.html: "thm.de"="thm.de"
Replacing in ./lv/compiler/spl/spl/Dokumente/html/compilerbau.html: "thm.de"="thm.de"
Replacing in ./lv/compiler/praktikum/cbhu1.html: "thm.de"="thm.de"
Replacing in ./lv/compiler/praktikum/index.html: "thm.de"="thm.de"
Replacing in ./lv/compiler/praktikum/cbhu2.html: "thm.de"="thm.de"
Replacing in ./lv/compiler/root.html: "thm.de"="thm.de"
Replacing in ./lv/compiler/klausurzulassung.html: "thm.de"="thm.de"
Replacing in ./index.html: "thm.de"="thm.de"
Replacing in ./index2.html: "fh-giessen.de"="thm.de"
Replacing in ./kooperativer-master-schwerpunkt.html: "fh-giessen.de"="thm.de"
Replacing in ./projekte/soa.html: "fh-giessen.de"="thm.de"
Replacing in ./projekte/android.html: "fh-giessen.de"="thm.de"
Replacing in ./projekte/trusted-mobile-platform.html: "fh-giessen.de"="thm.de"
Replacing in ./projekte/projekte.html: "fh-giessen.de"="thm.de"
Replacing in ./projekte/root.html: "fh-giessen.de"="thm.de"
Replacing in ./projekte/interessensgebiete.html: "fh-giessen.de"="thm.de"
Replacing in ./projekte/trucam.html: "fh-giessen.de"="thm.de"
Replacing in ./projekte/studentenprojekte.html: "fh-giessen.de"="thm.de"
Replacing in ./arbeiten/root.html: "fh-giessen.de"="thm.de"
Replacing in ./lv/bsprakt/root.html: "fh-giessen.de"="thm.de"
Replacing in ./lv/afs/root.html: "fh-giessen.de"="thm.de"
Replacing in ./lv/lbs/root.html: "fh-giessen.de"="thm.de"
Replacing in ./lv/ibs/root.html: "fh-giessen.de"="thm.de"
Replacing in ./lv/msem/root.html: "fh-giessen.de"="thm.de"
Replacing in ./lv/sms/index.html: "fh-giessen.de"="thm.de"
Replacing in ./lv/soap/root.html: "fh-giessen.de"="thm.de"
Replacing in ./lv/compiler/spl/spl.html: "fh-giessen.de"="thm.de"
Replacing in ./lv/compiler/root.html: "fh-giessen.de"="thm.de"
Replacing in ./lv/soa/root.html: "fh-giessen.de"="thm.de"
Replacing in ./lv/sem/root.html: "fh-giessen.de"="thm.de"
Replacing in ./lv/lbs2015/root.html: "fh-giessen.de"="thm.de"
Replacing in ./neu.html: "fh-giessen.de"="thm.de"
Replacing in ./index2.html: "fh-giessen.de"="thm.de"
Replacing in ./kooperativer-master-schwerpunkt.html: "fh-giessen.de"="thm.de"
Replacing in ./projekte/soa.html: "fh-giessen.de"="thm.de"
Replacing in ./projekte/android.html: "fh-giessen.de"="thm.de"
Replacing in ./projekte/trusted-mobile-platform.html: "fh-giessen.de"="thm.de"
Replacing in ./projekte/projekte.html: "fh-giessen.de"="thm.de"
Replacing in ./projekte/root.html: "fh-giessen.de"="thm.de"
Replacing in ./projekte/interessensgebiete.html: "fh-giessen.de"="thm.de"
Replacing in ./projekte/trucam.html: "fh-giessen.de"="thm.de"
Replacing in ./projekte/studentenprojekte.html: "fh-giessen.de"="thm.de"
Replacing in ./arbeiten/root.html: "fh-giessen.de"="thm.de"
Replacing in ./lv/bsprakt/root.html: "fh-giessen.de"="thm.de"
Replacing in ./lv/afs/root.html: "fh-giessen.de"="thm.de"
Replacing in ./lv/lbs/root.html: "fh-giessen.de"="thm.de"
Replacing in ./lv/ibs/root.html: "fh-giessen.de"="thm.de"
Replacing in ./lv/msem/root.html: "fh-giessen.de"="thm.de"
Replacing in ./lv/sms/index.html: "fh-giessen.de"="thm.de"
Replacing in ./lv/soap/root.html: "fh-giessen.de"="thm.de"
Replacing in ./lv/compiler/spl/spl.html: "fh-giessen.de"="thm.de"
Replacing in ./lv/compiler/root.html: "fh-giessen.de"="thm.de"
Replacing in ./lv/soa/root.html: "fh-giessen.de"="thm.de"
Replacing in ./lv/sem/root.html: "fh-giessen.de"="thm.de"
Replacing in ./lv/lbs2015/root.html: "fh-giessen.de"="thm.de"
Replacing in ./neu.html: "fh-giessen.de"="thm.de"
